2023-10-28 07:34:22 - PHP Unknown:  Creation of dynamic property Proxy::$getEvents is deprecated in E:\xampp\htdocs\oc23m\system\engine\proxy.php on line 8
2023-10-28 07:34:22 - PHP Unknown:  Creation of dynamic property Proxy::$__construct is deprecated in E:\xampp\htdocs\oc23m\system\engine\proxy.php on line 8
2023-10-28 07:34:22 - PHP Unknown:  Creation of dynamic property Proxy::$__get is deprecated in E:\xampp\htdocs\oc23m\system\engine\proxy.php on line 8
2023-10-28 07:34:22 - PHP Unknown:  Creation of dynamic property Proxy::$__set is deprecated in E:\xampp\htdocs\oc23m\system\engine\proxy.php on line 8
2023-10-28 07:34:22 - PHP Unknown:  Creation of dynamic property Proxy::$getLayout is deprecated in E:\xampp\htdocs\oc23m\system\engine\proxy.php on line 8
2023-10-28 07:34:22 - PHP Unknown:  Creation of dynamic property Proxy::$getLayoutModules is deprecated in E:\xampp\htdocs\oc23m\system\engine\proxy.php on line 8
2023-10-28 07:34:22 - PHP Unknown:  Creation of dynamic property Proxy::$__construct is deprecated in E:\xampp\htdocs\oc23m\system\engine\proxy.php on line 8
2023-10-28 07:34:22 - PHP Unknown:  Creation of dynamic property Proxy::$__get is deprecated in E:\xampp\htdocs\oc23m\system\engine\proxy.php on line 8
2023-10-28 07:34:22 - PHP Unknown:  Creation of dynamic property Proxy::$__set is deprecated in E:\xampp\htdocs\oc23m\system\engine\proxy.php on line 8
2023-10-28 07:34:22 - PHP Unknown:  Creation of dynamic property Proxy::$getModule is deprecated in E:\xampp\htdocs\oc23m\system\engine\proxy.php on line 8
2023-10-28 07:34:22 - PHP Unknown:  Creation of dynamic property Proxy::$__construct is deprecated in E:\xampp\htdocs\oc23m\system\engine\proxy.php on line 8
2023-10-28 07:34:22 - PHP Unknown:  Creation of dynamic property Proxy::$__get is deprecated in E:\xampp\htdocs\oc23m\system\engine\proxy.php on line 8
2023-10-28 07:34:22 - PHP Unknown:  Creation of dynamic property Proxy::$__set is deprecated in E:\xampp\htdocs\oc23m\system\engine\proxy.php on line 8
2023-10-28 07:34:22 - PHP Unknown:  Creation of dynamic property Proxy::$getBanner is deprecated in E:\xampp\htdocs\oc23m\system\engine\proxy.php on line 8
2023-10-28 07:34:22 - PHP Unknown:  Creation of dynamic property Proxy::$__construct is deprecated in E:\xampp\htdocs\oc23m\system\engine\proxy.php on line 8
2023-10-28 07:34:22 - PHP Unknown:  Creation of dynamic property Proxy::$__get is deprecated in E:\xampp\htdocs\oc23m\system\engine\proxy.php on line 8
2023-10-28 07:34:22 - PHP Unknown:  Creation of dynamic property Proxy::$__set is deprecated in E:\xampp\htdocs\oc23m\system\engine\proxy.php on line 8
2023-10-28 07:34:22 - PHP Unknown:  Creation of dynamic property Proxy::$resize is deprecated in E:\xampp\htdocs\oc23m\system\engine\proxy.php on line 8
2023-10-28 07:34:22 - PHP Unknown:  Creation of dynamic property Proxy::$__construct is deprecated in E:\xampp\htdocs\oc23m\system\engine\proxy.php on line 8
2023-10-28 07:34:22 - PHP Unknown:  Creation of dynamic property Proxy::$__get is deprecated in E:\xampp\htdocs\oc23m\system\engine\proxy.php on line 8
2023-10-28 07:34:22 - PHP Unknown:  Creation of dynamic property Proxy::$__set is deprecated in E:\xampp\htdocs\oc23m\system\engine\proxy.php on line 8
2023-10-28 07:34:22 - PHP Unknown:  Creation of dynamic property Proxy::$updateViewed is deprecated in E:\xampp\htdocs\oc23m\system\engine\proxy.php on line 8
2023-10-28 07:34:22 - PHP Unknown:  Creation of dynamic property Proxy::$getProduct is deprecated in E:\xampp\htdocs\oc23m\system\engine\proxy.php on line 8
2023-10-28 07:34:22 - PHP Unknown:  Creation of dynamic property Proxy::$getProducts is deprecated in E:\xampp\htdocs\oc23m\system\engine\proxy.php on line 8
2023-10-28 07:34:22 - PHP Unknown:  Creation of dynamic property Proxy::$getProductSpecials is deprecated in E:\xampp\htdocs\oc23m\system\engine\proxy.php on line 8
2023-10-28 07:34:22 - PHP Unknown:  Creation of dynamic property Proxy::$getLatestProducts is deprecated in E:\xampp\htdocs\oc23m\system\engine\proxy.php on line 8
2023-10-28 07:34:22 - PHP Unknown:  Creation of dynamic property Proxy::$getPopularProducts is deprecated in E:\xampp\htdocs\oc23m\system\engine\proxy.php on line 8
2023-10-28 07:34:22 - PHP Unknown:  Creation of dynamic property Proxy::$getBestSellerProducts is deprecated in E:\xampp\htdocs\oc23m\system\engine\proxy.php on line 8
2023-10-28 07:34:22 - PHP Unknown:  Creation of dynamic property Proxy::$getProductAttributes is deprecated in E:\xampp\htdocs\oc23m\system\engine\proxy.php on line 8
2023-10-28 07:34:22 - PHP Unknown:  Creation of dynamic property Proxy::$getProductOptions is deprecated in E:\xampp\htdocs\oc23m\system\engine\proxy.php on line 8
2023-10-28 07:34:22 - PHP Unknown:  Creation of dynamic property Proxy::$getProductDiscounts is deprecated in E:\xampp\htdocs\oc23m\system\engine\proxy.php on line 8
2023-10-28 07:34:22 - PHP Unknown:  Creation of dynamic property Proxy::$getProductImages is deprecated in E:\xampp\htdocs\oc23m\system\engine\proxy.php on line 8
2023-10-28 07:34:22 - PHP Unknown:  Creation of dynamic property Proxy::$getProductRelated is deprecated in E:\xampp\htdocs\oc23m\system\engine\proxy.php on line 8
2023-10-28 07:34:22 - PHP Unknown:  Creation of dynamic property Proxy::$getProductLayoutId is deprecated in E:\xampp\htdocs\oc23m\system\engine\proxy.php on line 8
2023-10-28 07:34:22 - PHP Unknown:  Creation of dynamic property Proxy::$getCategories is deprecated in E:\xampp\htdocs\oc23m\system\engine\proxy.php on line 8
2023-10-28 07:34:22 - PHP Unknown:  Creation of dynamic property Proxy::$getTotalProducts is deprecated in E:\xampp\htdocs\oc23m\system\engine\proxy.php on line 8
2023-10-28 07:34:22 - PHP Unknown:  Creation of dynamic property Proxy::$getProfile is deprecated in E:\xampp\htdocs\oc23m\system\engine\proxy.php on line 8
2023-10-28 07:34:22 - PHP Unknown:  Creation of dynamic property Proxy::$getProfiles is deprecated in E:\xampp\htdocs\oc23m\system\engine\proxy.php on line 8
2023-10-28 07:34:22 - PHP Unknown:  Creation of dynamic property Proxy::$getTotalProductSpecials is deprecated in E:\xampp\htdocs\oc23m\system\engine\proxy.php on line 8
2023-10-28 07:34:22 - PHP Unknown:  Creation of dynamic property Proxy::$__construct is deprecated in E:\xampp\htdocs\oc23m\system\engine\proxy.php on line 8
2023-10-28 07:34:22 - PHP Unknown:  Creation of dynamic property Proxy::$__get is deprecated in E:\xampp\htdocs\oc23m\system\engine\proxy.php on line 8
2023-10-28 07:34:22 - PHP Unknown:  Creation of dynamic property Proxy::$__set is deprecated in E:\xampp\htdocs\oc23m\system\engine\proxy.php on line 8
2023-10-28 07:34:22 - PHP Unknown:  Creation of dynamic property Proxy::$getInformation is deprecated in E:\xampp\htdocs\oc23m\system\engine\proxy.php on line 8
2023-10-28 07:34:22 - PHP Unknown:  Creation of dynamic property Proxy::$getInformations is deprecated in E:\xampp\htdocs\oc23m\system\engine\proxy.php on line 8
2023-10-28 07:34:22 - PHP Unknown:  Creation of dynamic property Proxy::$getInformationLayoutId is deprecated in E:\xampp\htdocs\oc23m\system\engine\proxy.php on line 8
2023-10-28 07:34:22 - PHP Unknown:  Creation of dynamic property Proxy::$__construct is deprecated in E:\xampp\htdocs\oc23m\system\engine\proxy.php on line 8
2023-10-28 07:34:22 - PHP Unknown:  Creation of dynamic property Proxy::$__get is deprecated in E:\xampp\htdocs\oc23m\system\engine\proxy.php on line 8
2023-10-28 07:34:22 - PHP Unknown:  Creation of dynamic property Proxy::$__set is deprecated in E:\xampp\htdocs\oc23m\system\engine\proxy.php on line 8
2023-10-28 07:34:22 - PHP Unknown:  Creation of dynamic property Proxy::$getExtensions is deprecated in E:\xampp\htdocs\oc23m\system\engine\proxy.php on line 8
2023-10-28 07:34:22 - PHP Unknown:  Creation of dynamic property Proxy::$__construct is deprecated in E:\xampp\htdocs\oc23m\system\engine\proxy.php on line 8
2023-10-28 07:34:22 - PHP Unknown:  Creation of dynamic property Proxy::$__get is deprecated in E:\xampp\htdocs\oc23m\system\engine\proxy.php on line 8
2023-10-28 07:34:22 - PHP Unknown:  Creation of dynamic property Proxy::$__set is deprecated in E:\xampp\htdocs\oc23m\system\engine\proxy.php on line 8
2023-10-28 07:34:22 - PHP Unknown:  Creation of dynamic property Proxy::$getCategory is deprecated in E:\xampp\htdocs\oc23m\system\engine\proxy.php on line 8
2023-10-28 07:34:22 - PHP Unknown:  Creation of dynamic property Proxy::$getCategories is deprecated in E:\xampp\htdocs\oc23m\system\engine\proxy.php on line 8
2023-10-28 07:34:22 - PHP Unknown:  Creation of dynamic property Proxy::$getCategoryFilters is deprecated in E:\xampp\htdocs\oc23m\system\engine\proxy.php on line 8
2023-10-28 07:34:22 - PHP Unknown:  Creation of dynamic property Proxy::$getCategoryLayoutId is deprecated in E:\xampp\htdocs\oc23m\system\engine\proxy.php on line 8
2023-10-28 07:34:22 - PHP Unknown:  Creation of dynamic property Proxy::$getTotalCategoriesByCategoryId is deprecated in E:\xampp\htdocs\oc23m\system\engine\proxy.php on line 8
2023-10-28 07:34:22 - PHP Unknown:  Creation of dynamic property Proxy::$__construct is deprecated in E:\xampp\htdocs\oc23m\system\engine\proxy.php on line 8
2023-10-28 07:34:22 - PHP Unknown:  Creation of dynamic property Proxy::$__get is deprecated in E:\xampp\htdocs\oc23m\system\engine\proxy.php on line 8
2023-10-28 07:34:22 - PHP Unknown:  Creation of dynamic property Proxy::$__set is deprecated in E:\xampp\htdocs\oc23m\system\engine\proxy.php on line 8
2023-10-28 07:34:23 - PHP Unknown:  Creation of dynamic property Proxy::$getTotal is deprecated in E:\xampp\htdocs\oc23m\system\engine\proxy.php on line 8
2023-10-28 07:34:23 - PHP Unknown:  Creation of dynamic property Proxy::$__construct is deprecated in E:\xampp\htdocs\oc23m\system\engine\proxy.php on line 8
2023-10-28 07:34:23 - PHP Unknown:  Creation of dynamic property Proxy::$__get is deprecated in E:\xampp\htdocs\oc23m\system\engine\proxy.php on line 8
2023-10-28 07:34:23 - PHP Unknown:  Creation of dynamic property Proxy::$__set is deprecated in E:\xampp\htdocs\oc23m\system\engine\proxy.php on line 8
2023-10-28 07:34:23 - PHP Unknown:  Creation of dynamic property Proxy::$getTotal is deprecated in E:\xampp\htdocs\oc23m\system\engine\proxy.php on line 8
2023-10-28 07:34:23 - PHP Unknown:  Creation of dynamic property Proxy::$confirm is deprecated in E:\xampp\htdocs\oc23m\system\engine\proxy.php on line 8
2023-10-28 07:34:23 - PHP Unknown:  Creation of dynamic property Proxy::$unconfirm is deprecated in E:\xampp\htdocs\oc23m\system\engine\proxy.php on line 8
2023-10-28 07:34:23 - PHP Unknown:  Creation of dynamic property Proxy::$__construct is deprecated in E:\xampp\htdocs\oc23m\system\engine\proxy.php on line 8
2023-10-28 07:34:23 - PHP Unknown:  Creation of dynamic property Proxy::$__get is deprecated in E:\xampp\htdocs\oc23m\system\engine\proxy.php on line 8
2023-10-28 07:34:23 - PHP Unknown:  Creation of dynamic property Proxy::$__set is deprecated in E:\xampp\htdocs\oc23m\system\engine\proxy.php on line 8
2023-10-28 07:34:23 - PHP Unknown:  Creation of dynamic property Proxy::$getTotal is deprecated in E:\xampp\htdocs\oc23m\system\engine\proxy.php on line 8
2023-10-28 07:34:23 - PHP Unknown:  Creation of dynamic property Proxy::$__construct is deprecated in E:\xampp\htdocs\oc23m\system\engine\proxy.php on line 8
2023-10-28 07:34:23 - PHP Unknown:  Creation of dynamic property Proxy::$__get is deprecated in E:\xampp\htdocs\oc23m\system\engine\proxy.php on line 8
2023-10-28 07:34:23 - PHP Unknown:  Creation of dynamic property Proxy::$__set is deprecated in E:\xampp\htdocs\oc23m\system\engine\proxy.php on line 8
2023-10-28 07:34:23 - PHP Unknown:  Creation of dynamic property Proxy::$getCoupon is deprecated in E:\xampp\htdocs\oc23m\system\engine\proxy.php on line 8
2023-10-28 07:34:23 - PHP Unknown:  Creation of dynamic property Proxy::$getTotal is deprecated in E:\xampp\htdocs\oc23m\system\engine\proxy.php on line 8
2023-10-28 07:34:23 - PHP Unknown:  Creation of dynamic property Proxy::$confirm is deprecated in E:\xampp\htdocs\oc23m\system\engine\proxy.php on line 8
2023-10-28 07:34:23 - PHP Unknown:  Creation of dynamic property Proxy::$unconfirm is deprecated in E:\xampp\htdocs\oc23m\system\engine\proxy.php on line 8
2023-10-28 07:34:23 - PHP Unknown:  Creation of dynamic property Proxy::$getTotalCouponHistoriesByCoupon is deprecated in E:\xampp\htdocs\oc23m\system\engine\proxy.php on line 8
2023-10-28 07:34:23 - PHP Unknown:  Creation of dynamic property Proxy::$getTotalCouponHistoriesByCustomerId is deprecated in E:\xampp\htdocs\oc23m\system\engine\proxy.php on line 8
2023-10-28 07:34:23 - PHP Unknown:  Creation of dynamic property Proxy::$__construct is deprecated in E:\xampp\htdocs\oc23m\system\engine\proxy.php on line 8
2023-10-28 07:34:23 - PHP Unknown:  Creation of dynamic property Proxy::$__get is deprecated in E:\xampp\htdocs\oc23m\system\engine\proxy.php on line 8
2023-10-28 07:34:23 - PHP Unknown:  Creation of dynamic property Proxy::$__set is deprecated in E:\xampp\htdocs\oc23m\system\engine\proxy.php on line 8
2023-10-28 07:34:23 - PHP Unknown:  Creation of dynamic property Proxy::$getTotal is deprecated in E:\xampp\htdocs\oc23m\system\engine\proxy.php on line 8
2023-10-28 07:34:23 - PHP Unknown:  Creation of dynamic property Proxy::$__construct is deprecated in E:\xampp\htdocs\oc23m\system\engine\proxy.php on line 8
2023-10-28 07:34:23 - PHP Unknown:  Creation of dynamic property Proxy::$__get is deprecated in E:\xampp\htdocs\oc23m\system\engine\proxy.php on line 8
2023-10-28 07:34:23 - PHP Unknown:  Creation of dynamic property Proxy::$__set is deprecated in E:\xampp\htdocs\oc23m\system\engine\proxy.php on line 8
2023-10-28 07:34:23 - PHP Unknown:  Creation of dynamic property Proxy::$getTotal is deprecated in E:\xampp\htdocs\oc23m\system\engine\proxy.php on line 8
2023-10-28 07:34:23 - PHP Unknown:  Creation of dynamic property Proxy::$confirm is deprecated in E:\xampp\htdocs\oc23m\system\engine\proxy.php on line 8
2023-10-28 07:34:23 - PHP Unknown:  Creation of dynamic property Proxy::$unconfirm is deprecated in E:\xampp\htdocs\oc23m\system\engine\proxy.php on line 8
2023-10-28 07:34:23 - PHP Unknown:  Creation of dynamic property Proxy::$__construct is deprecated in E:\xampp\htdocs\oc23m\system\engine\proxy.php on line 8
2023-10-28 07:34:23 - PHP Unknown:  Creation of dynamic property Proxy::$__get is deprecated in E:\xampp\htdocs\oc23m\system\engine\proxy.php on line 8
2023-10-28 07:34:23 - PHP Unknown:  Creation of dynamic property Proxy::$__set is deprecated in E:\xampp\htdocs\oc23m\system\engine\proxy.php on line 8
2023-10-28 07:34:23 - PHP Unknown:  Creation of dynamic property Proxy::$addVoucher is deprecated in E:\xampp\htdocs\oc23m\system\engine\proxy.php on line 8
2023-10-28 07:34:23 - PHP Unknown:  Creation of dynamic property Proxy::$disableVoucher is deprecated in E:\xampp\htdocs\oc23m\system\engine\proxy.php on line 8
2023-10-28 07:34:23 - PHP Unknown:  Creation of dynamic property Proxy::$getVoucher is deprecated in E:\xampp\htdocs\oc23m\system\engine\proxy.php on line 8
2023-10-28 07:34:23 - PHP Unknown:  Creation of dynamic property Proxy::$getTotal is deprecated in E:\xampp\htdocs\oc23m\system\engine\proxy.php on line 8
2023-10-28 07:34:23 - PHP Unknown:  Creation of dynamic property Proxy::$confirm is deprecated in E:\xampp\htdocs\oc23m\system\engine\proxy.php on line 8
2023-10-28 07:34:23 - PHP Unknown:  Creation of dynamic property Proxy::$unconfirm is deprecated in E:\xampp\htdocs\oc23m\system\engine\proxy.php on line 8
2023-10-28 07:34:23 - PHP Unknown:  Creation of dynamic property Proxy::$__construct is deprecated in E:\xampp\htdocs\oc23m\system\engine\proxy.php on line 8
2023-10-28 07:34:23 - PHP Unknown:  Creation of dynamic property Proxy::$__get is deprecated in E:\xampp\htdocs\oc23m\system\engine\proxy.php on line 8
2023-10-28 07:34:23 - PHP Unknown:  Creation of dynamic property Proxy::$__set is deprecated in E:\xampp\htdocs\oc23m\system\engine\proxy.php on line 8
2023-10-28 07:34:23 - PHP Unknown:  Creation of dynamic property Proxy::$getTotal is deprecated in E:\xampp\htdocs\oc23m\system\engine\proxy.php on line 8
2023-10-28 07:34:23 - PHP Unknown:  Creation of dynamic property Proxy::$__construct is deprecated in E:\xampp\htdocs\oc23m\system\engine\proxy.php on line 8
2023-10-28 07:34:23 - PHP Unknown:  Creation of dynamic property Proxy::$__get is deprecated in E:\xampp\htdocs\oc23m\system\engine\proxy.php on line 8
2023-10-28 07:34:23 - PHP Unknown:  Creation of dynamic property Proxy::$__set is deprecated in E:\xampp\htdocs\oc23m\system\engine\proxy.php on line 8
2023-10-28 07:34:23 - PHP Unknown:  Creation of dynamic property Proxy::$addUpload is deprecated in E:\xampp\htdocs\oc23m\system\engine\proxy.php on line 8
2023-10-28 07:34:23 - PHP Unknown:  Creation of dynamic property Proxy::$getUploadByCode is deprecated in E:\xampp\htdocs\oc23m\system\engine\proxy.php on line 8
2023-10-28 07:34:23 - PHP Unknown:  Creation of dynamic property Proxy::$__construct is deprecated in E:\xampp\htdocs\oc23m\system\engine\proxy.php on line 8
2023-10-28 07:34:23 - PHP Unknown:  Creation of dynamic property Proxy::$__get is deprecated in E:\xampp\htdocs\oc23m\system\engine\proxy.php on line 8
2023-10-28 07:34:23 - PHP Unknown:  Creation of dynamic property Proxy::$__set is deprecated in E:\xampp\htdocs\oc23m\system\engine\proxy.php on line 8
2023-10-28 07:36:20 - PHP Unknown:  Creation of dynamic property Proxy::$getEvents is deprecated in E:\xampp\htdocs\oc23m\system\engine\proxy.php on line 8
2023-10-28 07:36:20 - PHP Unknown:  Creation of dynamic property Proxy::$__construct is deprecated in E:\xampp\htdocs\oc23m\system\engine\proxy.php on line 8
2023-10-28 07:36:20 - PHP Unknown:  Creation of dynamic property Proxy::$__get is deprecated in E:\xampp\htdocs\oc23m\system\engine\proxy.php on line 8
2023-10-28 07:36:20 - PHP Unknown:  Creation of dynamic property Proxy::$__set is deprecated in E:\xampp\htdocs\oc23m\system\engine\proxy.php on line 8
2023-10-28 07:36:20 - PHP Unknown:  Creation of dynamic property Proxy::$getLayout is deprecated in E:\xampp\htdocs\oc23m\system\engine\proxy.php on line 8
2023-10-28 07:36:20 - PHP Unknown:  Creation of dynamic property Proxy::$getLayoutModules is deprecated in E:\xampp\htdocs\oc23m\system\engine\proxy.php on line 8
2023-10-28 07:36:20 - PHP Unknown:  Creation of dynamic property Proxy::$__construct is deprecated in E:\xampp\htdocs\oc23m\system\engine\proxy.php on line 8
2023-10-28 07:36:20 - PHP Unknown:  Creation of dynamic property Proxy::$__get is deprecated in E:\xampp\htdocs\oc23m\system\engine\proxy.php on line 8
2023-10-28 07:36:20 - PHP Unknown:  Creation of dynamic property Proxy::$__set is deprecated in E:\xampp\htdocs\oc23m\system\engine\proxy.php on line 8
2023-10-28 07:36:20 - PHP Unknown:  Creation of dynamic property Proxy::$getModule is deprecated in E:\xampp\htdocs\oc23m\system\engine\proxy.php on line 8
2023-10-28 07:36:20 - PHP Unknown:  Creation of dynamic property Proxy::$__construct is deprecated in E:\xampp\htdocs\oc23m\system\engine\proxy.php on line 8
2023-10-28 07:36:20 - PHP Unknown:  Creation of dynamic property Proxy::$__get is deprecated in E:\xampp\htdocs\oc23m\system\engine\proxy.php on line 8
2023-10-28 07:36:20 - PHP Unknown:  Creation of dynamic property Proxy::$__set is deprecated in E:\xampp\htdocs\oc23m\system\engine\proxy.php on line 8
2023-10-28 07:36:20 - PHP Unknown:  Creation of dynamic property Proxy::$getBanner is deprecated in E:\xampp\htdocs\oc23m\system\engine\proxy.php on line 8
2023-10-28 07:36:20 - PHP Unknown:  Creation of dynamic property Proxy::$__construct is deprecated in E:\xampp\htdocs\oc23m\system\engine\proxy.php on line 8
2023-10-28 07:36:20 - PHP Unknown:  Creation of dynamic property Proxy::$__get is deprecated in E:\xampp\htdocs\oc23m\system\engine\proxy.php on line 8
2023-10-28 07:36:20 - PHP Unknown:  Creation of dynamic property Proxy::$__set is deprecated in E:\xampp\htdocs\oc23m\system\engine\proxy.php on line 8
2023-10-28 07:36:20 - PHP Unknown:  Creation of dynamic property Proxy::$resize is deprecated in E:\xampp\htdocs\oc23m\system\engine\proxy.php on line 8
2023-10-28 07:36:20 - PHP Unknown:  Creation of dynamic property Proxy::$__construct is deprecated in E:\xampp\htdocs\oc23m\system\engine\proxy.php on line 8
2023-10-28 07:36:20 - PHP Unknown:  Creation of dynamic property Proxy::$__get is deprecated in E:\xampp\htdocs\oc23m\system\engine\proxy.php on line 8
2023-10-28 07:36:20 - PHP Unknown:  Creation of dynamic property Proxy::$__set is deprecated in E:\xampp\htdocs\oc23m\system\engine\proxy.php on line 8
2023-10-28 07:36:20 - PHP Unknown:  Creation of dynamic property Proxy::$updateViewed is deprecated in E:\xampp\htdocs\oc23m\system\engine\proxy.php on line 8
2023-10-28 07:36:20 - PHP Unknown:  Creation of dynamic property Proxy::$getProduct is deprecated in E:\xampp\htdocs\oc23m\system\engine\proxy.php on line 8
2023-10-28 07:36:20 - PHP Unknown:  Creation of dynamic property Proxy::$getProducts is deprecated in E:\xampp\htdocs\oc23m\system\engine\proxy.php on line 8
2023-10-28 07:36:20 - PHP Unknown:  Creation of dynamic property Proxy::$getProductSpecials is deprecated in E:\xampp\htdocs\oc23m\system\engine\proxy.php on line 8
2023-10-28 07:36:20 - PHP Unknown:  Creation of dynamic property Proxy::$getLatestProducts is deprecated in E:\xampp\htdocs\oc23m\system\engine\proxy.php on line 8
2023-10-28 07:36:20 - PHP Unknown:  Creation of dynamic property Proxy::$getPopularProducts is deprecated in E:\xampp\htdocs\oc23m\system\engine\proxy.php on line 8
2023-10-28 07:36:20 - PHP Unknown:  Creation of dynamic property Proxy::$getBestSellerProducts is deprecated in E:\xampp\htdocs\oc23m\system\engine\proxy.php on line 8
2023-10-28 07:36:20 - PHP Unknown:  Creation of dynamic property Proxy::$getProductAttributes is deprecated in E:\xampp\htdocs\oc23m\system\engine\proxy.php on line 8
2023-10-28 07:36:20 - PHP Unknown:  Creation of dynamic property Proxy::$getProductOptions is deprecated in E:\xampp\htdocs\oc23m\system\engine\proxy.php on line 8
2023-10-28 07:36:20 - PHP Unknown:  Creation of dynamic property Proxy::$getProductDiscounts is deprecated in E:\xampp\htdocs\oc23m\system\engine\proxy.php on line 8
2023-10-28 07:36:20 - PHP Unknown:  Creation of dynamic property Proxy::$getProductImages is deprecated in E:\xampp\htdocs\oc23m\system\engine\proxy.php on line 8
2023-10-28 07:36:20 - PHP Unknown:  Creation of dynamic property Proxy::$getProductRelated is deprecated in E:\xampp\htdocs\oc23m\system\engine\proxy.php on line 8
2023-10-28 07:36:20 - PHP Unknown:  Creation of dynamic property Proxy::$getProductLayoutId is deprecated in E:\xampp\htdocs\oc23m\system\engine\proxy.php on line 8
2023-10-28 07:36:20 - PHP Unknown:  Creation of dynamic property Proxy::$getCategories is deprecated in E:\xampp\htdocs\oc23m\system\engine\proxy.php on line 8
2023-10-28 07:36:20 - PHP Unknown:  Creation of dynamic property Proxy::$getTotalProducts is deprecated in E:\xampp\htdocs\oc23m\system\engine\proxy.php on line 8
2023-10-28 07:36:20 - PHP Unknown:  Creation of dynamic property Proxy::$getProfile is deprecated in E:\xampp\htdocs\oc23m\system\engine\proxy.php on line 8
2023-10-28 07:36:20 - PHP Unknown:  Creation of dynamic property Proxy::$getProfiles is deprecated in E:\xampp\htdocs\oc23m\system\engine\proxy.php on line 8
2023-10-28 07:36:20 - PHP Unknown:  Creation of dynamic property Proxy::$getTotalProductSpecials is deprecated in E:\xampp\htdocs\oc23m\system\engine\proxy.php on line 8
2023-10-28 07:36:20 - PHP Unknown:  Creation of dynamic property Proxy::$__construct is deprecated in E:\xampp\htdocs\oc23m\system\engine\proxy.php on line 8
2023-10-28 07:36:20 - PHP Unknown:  Creation of dynamic property Proxy::$__get is deprecated in E:\xampp\htdocs\oc23m\system\engine\proxy.php on line 8
2023-10-28 07:36:20 - PHP Unknown:  Creation of dynamic property Proxy::$__set is deprecated in E:\xampp\htdocs\oc23m\system\engine\proxy.php on line 8
2023-10-28 07:36:20 - PHP Unknown:  Creation of dynamic property Proxy::$getInformation is deprecated in E:\xampp\htdocs\oc23m\system\engine\proxy.php on line 8
2023-10-28 07:36:20 - PHP Unknown:  Creation of dynamic property Proxy::$getInformations is deprecated in E:\xampp\htdocs\oc23m\system\engine\proxy.php on line 8
2023-10-28 07:36:20 - PHP Unknown:  Creation of dynamic property Proxy::$getInformationLayoutId is deprecated in E:\xampp\htdocs\oc23m\system\engine\proxy.php on line 8
2023-10-28 07:36:20 - PHP Unknown:  Creation of dynamic property Proxy::$__construct is deprecated in E:\xampp\htdocs\oc23m\system\engine\proxy.php on line 8
2023-10-28 07:36:20 - PHP Unknown:  Creation of dynamic property Proxy::$__get is deprecated in E:\xampp\htdocs\oc23m\system\engine\proxy.php on line 8
2023-10-28 07:36:20 - PHP Unknown:  Creation of dynamic property Proxy::$__set is deprecated in E:\xampp\htdocs\oc23m\system\engine\proxy.php on line 8
2023-10-28 07:36:20 - PHP Unknown:  Creation of dynamic property Proxy::$getExtensions is deprecated in E:\xampp\htdocs\oc23m\system\engine\proxy.php on line 8
2023-10-28 07:36:20 - PHP Unknown:  Creation of dynamic property Proxy::$__construct is deprecated in E:\xampp\htdocs\oc23m\system\engine\proxy.php on line 8
2023-10-28 07:36:20 - PHP Unknown:  Creation of dynamic property Proxy::$__get is deprecated in E:\xampp\htdocs\oc23m\system\engine\proxy.php on line 8
2023-10-28 07:36:20 - PHP Unknown:  Creation of dynamic property Proxy::$__set is deprecated in E:\xampp\htdocs\oc23m\system\engine\proxy.php on line 8
2023-10-28 07:36:20 - PHP Unknown:  Creation of dynamic property Proxy::$getCategory is deprecated in E:\xampp\htdocs\oc23m\system\engine\proxy.php on line 8
2023-10-28 07:36:20 - PHP Unknown:  Creation of dynamic property Proxy::$getCategories is deprecated in E:\xampp\htdocs\oc23m\system\engine\proxy.php on line 8
2023-10-28 07:36:20 - PHP Unknown:  Creation of dynamic property Proxy::$getCategoryFilters is deprecated in E:\xampp\htdocs\oc23m\system\engine\proxy.php on line 8
2023-10-28 07:36:20 - PHP Unknown:  Creation of dynamic property Proxy::$getCategoryLayoutId is deprecated in E:\xampp\htdocs\oc23m\system\engine\proxy.php on line 8
2023-10-28 07:36:20 - PHP Unknown:  Creation of dynamic property Proxy::$getTotalCategoriesByCategoryId is deprecated in E:\xampp\htdocs\oc23m\system\engine\proxy.php on line 8
2023-10-28 07:36:20 - PHP Unknown:  Creation of dynamic property Proxy::$__construct is deprecated in E:\xampp\htdocs\oc23m\system\engine\proxy.php on line 8
2023-10-28 07:36:20 - PHP Unknown:  Creation of dynamic property Proxy::$__get is deprecated in E:\xampp\htdocs\oc23m\system\engine\proxy.php on line 8
2023-10-28 07:36:20 - PHP Unknown:  Creation of dynamic property Proxy::$__set is deprecated in E:\xampp\htdocs\oc23m\system\engine\proxy.php on line 8
2023-10-28 07:36:20 - PHP Unknown:  Creation of dynamic property Proxy::$getTotal is deprecated in E:\xampp\htdocs\oc23m\system\engine\proxy.php on line 8
2023-10-28 07:36:20 - PHP Unknown:  Creation of dynamic property Proxy::$__construct is deprecated in E:\xampp\htdocs\oc23m\system\engine\proxy.php on line 8
2023-10-28 07:36:20 - PHP Unknown:  Creation of dynamic property Proxy::$__get is deprecated in E:\xampp\htdocs\oc23m\system\engine\proxy.php on line 8
2023-10-28 07:36:20 - PHP Unknown:  Creation of dynamic property Proxy::$__set is deprecated in E:\xampp\htdocs\oc23m\system\engine\proxy.php on line 8
2023-10-28 07:36:20 - PHP Unknown:  Creation of dynamic property Proxy::$getTotal is deprecated in E:\xampp\htdocs\oc23m\system\engine\proxy.php on line 8
2023-10-28 07:36:20 - PHP Unknown:  Creation of dynamic property Proxy::$confirm is deprecated in E:\xampp\htdocs\oc23m\system\engine\proxy.php on line 8
2023-10-28 07:36:20 - PHP Unknown:  Creation of dynamic property Proxy::$unconfirm is deprecated in E:\xampp\htdocs\oc23m\system\engine\proxy.php on line 8
2023-10-28 07:36:20 - PHP Unknown:  Creation of dynamic property Proxy::$__construct is deprecated in E:\xampp\htdocs\oc23m\system\engine\proxy.php on line 8
2023-10-28 07:36:20 - PHP Unknown:  Creation of dynamic property Proxy::$__get is deprecated in E:\xampp\htdocs\oc23m\system\engine\proxy.php on line 8
2023-10-28 07:36:20 - PHP Unknown:  Creation of dynamic property Proxy::$__set is deprecated in E:\xampp\htdocs\oc23m\system\engine\proxy.php on line 8
2023-10-28 07:36:20 - PHP Unknown:  Creation of dynamic property Proxy::$getTotal is deprecated in E:\xampp\htdocs\oc23m\system\engine\proxy.php on line 8
2023-10-28 07:36:20 - PHP Unknown:  Creation of dynamic property Proxy::$__construct is deprecated in E:\xampp\htdocs\oc23m\system\engine\proxy.php on line 8
2023-10-28 07:36:20 - PHP Unknown:  Creation of dynamic property Proxy::$__get is deprecated in E:\xampp\htdocs\oc23m\system\engine\proxy.php on line 8
2023-10-28 07:36:20 - PHP Unknown:  Creation of dynamic property Proxy::$__set is deprecated in E:\xampp\htdocs\oc23m\system\engine\proxy.php on line 8
2023-10-28 07:36:20 - PHP Unknown:  Creation of dynamic property Proxy::$getCoupon is deprecated in E:\xampp\htdocs\oc23m\system\engine\proxy.php on line 8
2023-10-28 07:36:20 - PHP Unknown:  Creation of dynamic property Proxy::$getTotal is deprecated in E:\xampp\htdocs\oc23m\system\engine\proxy.php on line 8
2023-10-28 07:36:20 - PHP Unknown:  Creation of dynamic property Proxy::$confirm is deprecated in E:\xampp\htdocs\oc23m\system\engine\proxy.php on line 8
2023-10-28 07:36:20 - PHP Unknown:  Creation of dynamic property Proxy::$unconfirm is deprecated in E:\xampp\htdocs\oc23m\system\engine\proxy.php on line 8
2023-10-28 07:36:20 - PHP Unknown:  Creation of dynamic property Proxy::$getTotalCouponHistoriesByCoupon is deprecated in E:\xampp\htdocs\oc23m\system\engine\proxy.php on line 8
2023-10-28 07:36:20 - PHP Unknown:  Creation of dynamic property Proxy::$getTotalCouponHistoriesByCustomerId is deprecated in E:\xampp\htdocs\oc23m\system\engine\proxy.php on line 8
2023-10-28 07:36:20 - PHP Unknown:  Creation of dynamic property Proxy::$__construct is deprecated in E:\xampp\htdocs\oc23m\system\engine\proxy.php on line 8
2023-10-28 07:36:20 - PHP Unknown:  Creation of dynamic property Proxy::$__get is deprecated in E:\xampp\htdocs\oc23m\system\engine\proxy.php on line 8
2023-10-28 07:36:20 - PHP Unknown:  Creation of dynamic property Proxy::$__set is deprecated in E:\xampp\htdocs\oc23m\system\engine\proxy.php on line 8
2023-10-28 07:36:20 - PHP Unknown:  Creation of dynamic property Proxy::$getTotal is deprecated in E:\xampp\htdocs\oc23m\system\engine\proxy.php on line 8
2023-10-28 07:36:20 - PHP Unknown:  Creation of dynamic property Proxy::$__construct is deprecated in E:\xampp\htdocs\oc23m\system\engine\proxy.php on line 8
2023-10-28 07:36:20 - PHP Unknown:  Creation of dynamic property Proxy::$__get is deprecated in E:\xampp\htdocs\oc23m\system\engine\proxy.php on line 8
2023-10-28 07:36:20 - PHP Unknown:  Creation of dynamic property Proxy::$__set is deprecated in E:\xampp\htdocs\oc23m\system\engine\proxy.php on line 8
2023-10-28 07:36:20 - PHP Unknown:  Creation of dynamic property Proxy::$getTotal is deprecated in E:\xampp\htdocs\oc23m\system\engine\proxy.php on line 8
2023-10-28 07:36:20 - PHP Unknown:  Creation of dynamic property Proxy::$confirm is deprecated in E:\xampp\htdocs\oc23m\system\engine\proxy.php on line 8
2023-10-28 07:36:20 - PHP Unknown:  Creation of dynamic property Proxy::$unconfirm is deprecated in E:\xampp\htdocs\oc23m\system\engine\proxy.php on line 8
2023-10-28 07:36:20 - PHP Unknown:  Creation of dynamic property Proxy::$__construct is deprecated in E:\xampp\htdocs\oc23m\system\engine\proxy.php on line 8
2023-10-28 07:36:20 - PHP Unknown:  Creation of dynamic property Proxy::$__get is deprecated in E:\xampp\htdocs\oc23m\system\engine\proxy.php on line 8
2023-10-28 07:36:20 - PHP Unknown:  Creation of dynamic property Proxy::$__set is deprecated in E:\xampp\htdocs\oc23m\system\engine\proxy.php on line 8
2023-10-28 07:36:20 - PHP Unknown:  Creation of dynamic property Proxy::$addVoucher is deprecated in E:\xampp\htdocs\oc23m\system\engine\proxy.php on line 8
2023-10-28 07:36:20 - PHP Unknown:  Creation of dynamic property Proxy::$disableVoucher is deprecated in E:\xampp\htdocs\oc23m\system\engine\proxy.php on line 8
2023-10-28 07:36:20 - PHP Unknown:  Creation of dynamic property Proxy::$getVoucher is deprecated in E:\xampp\htdocs\oc23m\system\engine\proxy.php on line 8
2023-10-28 07:36:20 - PHP Unknown:  Creation of dynamic property Proxy::$getTotal is deprecated in E:\xampp\htdocs\oc23m\system\engine\proxy.php on line 8
2023-10-28 07:36:20 - PHP Unknown:  Creation of dynamic property Proxy::$confirm is deprecated in E:\xampp\htdocs\oc23m\system\engine\proxy.php on line 8
2023-10-28 07:36:20 - PHP Unknown:  Creation of dynamic property Proxy::$unconfirm is deprecated in E:\xampp\htdocs\oc23m\system\engine\proxy.php on line 8
2023-10-28 07:36:20 - PHP Unknown:  Creation of dynamic property Proxy::$__construct is deprecated in E:\xampp\htdocs\oc23m\system\engine\proxy.php on line 8
2023-10-28 07:36:20 - PHP Unknown:  Creation of dynamic property Proxy::$__get is deprecated in E:\xampp\htdocs\oc23m\system\engine\proxy.php on line 8
2023-10-28 07:36:20 - PHP Unknown:  Creation of dynamic property Proxy::$__set is deprecated in E:\xampp\htdocs\oc23m\system\engine\proxy.php on line 8
2023-10-28 07:36:20 - PHP Unknown:  Creation of dynamic property Proxy::$getTotal is deprecated in E:\xampp\htdocs\oc23m\system\engine\proxy.php on line 8
2023-10-28 07:36:20 - PHP Unknown:  Creation of dynamic property Proxy::$__construct is deprecated in E:\xampp\htdocs\oc23m\system\engine\proxy.php on line 8
2023-10-28 07:36:20 - PHP Unknown:  Creation of dynamic property Proxy::$__get is deprecated in E:\xampp\htdocs\oc23m\system\engine\proxy.php on line 8
2023-10-28 07:36:20 - PHP Unknown:  Creation of dynamic property Proxy::$__set is deprecated in E:\xampp\htdocs\oc23m\system\engine\proxy.php on line 8
2023-10-28 07:36:20 - PHP Unknown:  Creation of dynamic property Proxy::$addUpload is deprecated in E:\xampp\htdocs\oc23m\system\engine\proxy.php on line 8
2023-10-28 07:36:20 - PHP Unknown:  Creation of dynamic property Proxy::$getUploadByCode is deprecated in E:\xampp\htdocs\oc23m\system\engine\proxy.php on line 8
2023-10-28 07:36:20 - PHP Unknown:  Creation of dynamic property Proxy::$__construct is deprecated in E:\xampp\htdocs\oc23m\system\engine\proxy.php on line 8
2023-10-28 07:36:20 - PHP Unknown:  Creation of dynamic property Proxy::$__get is deprecated in E:\xampp\htdocs\oc23m\system\engine\proxy.php on line 8
2023-10-28 07:36:20 - PHP Unknown:  Creation of dynamic property Proxy::$__set is deprecated in E:\xampp\htdocs\oc23m\system\engine\proxy.php on line 8
